<?xml version="1.0" encoding="UTF-8"?>
<testsuite xmlns:xsi="http://www.w3.org/2001/XMLSchema-instance" xsi:noNamespaceSchemaLocation="https://maven.apache.org/surefire/maven-surefire-plugin/xsd/surefire-test-report.xsd" version="3.0.2" name="es.codeurjc.test.web.MessageRunnerTest" time="28.235" tests="3" errors="0" skipped="0" failures="0">
  <properties>
[...]
</properties>
  <testcase name="[1:7] User submits a new message" classname="es/codeurjc/test/web/message" time="4.215">
    <system-out><![CDATA[19:16:40.207 [chrome_1746378997330] WARN com.intuit.karate.shell.Command -- exit code was non-zero: 1 - [C:\Program Files (x86)\Google\Chrome\Application\chrome.exe, --remote-debugging-port=9222, --remote-allow-origins=*, --no-first-run, --user-data-dir=D:\!Ingeniería Software\3er Año\calidad\karate_ui\target\chrome_1746378997330, --disable-popup-blocking] working dir: target\chrome_1746378997330
---------------------------------------------------------
feature: classpath:es/codeurjc/test/web/message.feature
scenarios:  1 | passed:  1 | failed:  0 | time: 2,6620
---------------------------------------------------------

]]></system-out>
  </testcase>
  <testcase name="[1:7] Message should not be created when title is empty" classname="es/codeurjc/test/web/notitle" time="15.025">
    <system-out><![CDATA[19:16:40.519 [main] WARN com.intuit.karate.driver.DriverOptions -- preferred port 9222 not available, will use: 58877
19:16:55.466 [chrome_1746379000519] WARN com.intuit.karate.shell.Command -- exit code was non-zero: 1 - [C:\Program Files (x86)\Google\Chrome\Application\chrome.exe, --remote-debugging-port=58877, --remote-allow-origins=*, --no-first-run, --user-data-dir=D:\!Ingeniería Software\3er Año\calidad\karate_ui\target\chrome_1746379000519, --disable-popup-blocking] working dir: target\chrome_1746379000519
---------------------------------------------------------
feature: classpath:es/codeurjc/test/web/notitle.feature
scenarios:  1 | passed:  1 | failed:  0 | time: 14,8964
---------------------------------------------------------

]]></system-out>
  </testcase>
  <testcase name="[1:10] Search for Rafa Nadal on Wikipedia" classname="es/codeurjc/test/web/wikipedia" time="8.055">
    <system-out><![CDATA[19:16:55.545 [main] WARN com.intuit.karate.driver.DriverOptions -- preferred port 9222 not available, will use: 58906
---------------------------------------------------------
feature: classpath:es/codeurjc/test/web/wikipedia.feature
scenarios:  1 | passed:  1 | failed:  0 | time: 7,8414
---------------------------------------------------------

Karate version: 1.5.1
======================================================
elapsed:  27,89 | threads:    1 | thread time: 25,40 
features:     3 | skipped:    0 | efficiency: 0,91
scenarios:    3 | passed:     3 | failed: 0
======================================================
19:17:03.545 [chrome_1746379015545] WARN com.intuit.karate.shell.Command -- exit code was non-zero: 1 - [C:\Program Files (x86)\Google\Chrome\Application\chrome.exe, --remote-debugging-port=58906, --remote-allow-origins=*, --no-first-run, --user-data-dir=D:\!Ingeniería Software\3er Año\calidad\karate_ui\target\chrome_1746379015545, --disable-popup-blocking] working dir: target\chrome_1746379015545

HTML report: (paste into browser to view) | Karate version: 1.5.1
file:///D:/!Ingeniería%20Software/3er%20Año/calidad/karate_ui/target/karate-reports/karate-summary.html
===================================================================

]]></system-out>
  </testcase>
</testsuite>